<?xml version="1.0" encoding="UTF-8"?>
<!-- Generated by org.testng.reporters.JUnitReportReporter -->
<testsuite hostname="DESKTOP-PR9MCUS" failures="0" tests="1" name="testngproject1.TEST1" time="0.020" errors="0" timestamp="2022-04-08T14:34:15 IST" skipped="0">
  <testcase classname="testngproject1.TEST1" name="method1" time="0.020"/>
  <system-out/>
</testsuite> <!-- testngproject1.TEST1 -->
